[    0.000000] Linux version 4.15.0-121-generic (buildd@lgw01-amd64-034) (gcc version 7.5.0 (Ubuntu 7.5.0-3ubuntu1~18.04)) #123-Ubuntu SMP Mon Oct 5 16:16:40 UTC 2020 (Ubuntu 4.15.0-121.123-generic 4.15.18)
[    0.000000] Command line: BOOT_IMAGE=/boot/vmlinuz-4.15.0-121-generic root=LABEL=cloudimg-rootfs ro console=tty1 console=ttyS0
[    0.000000] KERNEL supported cpus:
[    0.000000]   Intel GenuineIntel
[    0.000000]   AMD AuthenticAMD
[    0.000000]   Centaur CentaurHauls
[    0.000000] x86/fpu: Supporting XSAVE feature 0x001: 'x87 floating point registers'
[    0.000000] x86/fpu: Supporting XSAVE feature 0x002: 'SSE registers'
[    0.000000] x86/fpu: Supporting XSAVE feature 0x004: 'AVX registers'
[    0.000000] x86/fpu: xstate_offset[2]:  576, xstate_sizes[2]:  256
[    0.000000] x86/fpu: Enabled xstate features 0x7, context size is 832 bytes, using 'standard' format.
[    0.000000] e820: BIOS-provided physical RAM map:
[    0.000000] BIOS-e820: [mem 0x0000000000000000-0x000000000009fbff] usable
[    0.000000] BIOS-e820: [mem 0x000000000009fc00-0x000000000009ffff] reserved
[    0.000000] BIOS-e820: [mem 0x00000000000f0000-0x00000000000fffff] reserved
[    0.000000] BIOS-e820: [mem 0x0000000000100000-0x000000007ffeffff] usable
[    0.000000] BIOS-e820: [mem 0x000000007fff0000-0x000000007fffffff] ACPI data
[    0.000000] BIOS-e820: [mem 0x00000000fec00000-0x00000000fec00fff] reserved
[    0.000000] BIOS-e820: [mem 0x00000000fee00000-0x00000000fee00fff] reserved
[    0.000000] BIOS-e820: [mem 0x00000000fffc0000-0x00000000ffffffff] reserved
[    0.000000] NX (Execute Disable) protection: active
[    0.000000] SMBIOS 2.5 present.
[    0.000000] DMI: innotek GmbH VirtualBox/VirtualBox, BIOS VirtualBox 12/01/2006
[    0.000000] Hypervisor detected: KVM
[    0.000000] e820: last_pfn = 0x7fff0 max_arch_pfn = 0x400000000
[    0.000000] MTRR: Disabled
[    0.000000] x86/PAT: MTRRs disabled, skipping PAT initialization too.
[    0.000000] CPU MTRRs all blank - virtualized system.
[    0.000000] x86/PAT: Configuration [0-7]: WB  WT  UC- UC  WB  WT  UC- UC  
[    0.000000] found SMP MP-table at [mem 0x0009fff0-0x0009ffff]
[    0.000000] Scanning 1 areas for low memory corruption
[    0.000000] RAMDISK: [mem 0x35a67000-0x36d2afff]
[    0.000000] ACPI: Early table checksum verification disabled
[    0.000000] ACPI: RSDP 0x00000000000E0000 000024 (v02 VBOX  )
[    0.000000] ACPI: XSDT 0x000000007FFF0030 00003C (v01 VBOX   VBOXXSDT 00000001 ASL  00000061)
[    0.000000] ACPI: FACP 0x000000007FFF00F0 0000F4 (v04 VBOX   VBOXFACP 00000001 ASL  00000061)
[    0.000000] ACPI: DSDT 0x000000007FFF0470 002325 (v02 VBOX   VBOXBIOS 00000002 INTL 20100528)
[    0.000000] ACPI: FACS 0x000000007FFF0200 000040
[    0.000000] ACPI: FACS 0x000000007FFF0200 000040
[    0.000000] ACPI: APIC 0x000000007FFF0240 00005C (v02 VBOX   VBOXAPIC 00000001 ASL  00000061)
[    0.000000] ACPI: SSDT 0x000000007FFF02A0 0001CC (v01 VBOX   VBOXCPUT 00000002 INTL 20100528)
[    0.000000] No NUMA configuration found
[    0.000000] Faking a node at [mem 0x0000000000000000-0x000000007ffeffff]
[    0.000000] NODE_DATA(0) allocated [mem 0x7ffc5000-0x7ffeffff]
[    0.000000] kvm-clock: cpu 0, msr 0:7ff44001, primary cpu clock
[    0.000000] kvm-clock: Using msrs 4b564d01 and 4b564d00
[    0.000000] kvm-clock: using sched offset of 3685634385 cycles
[    0.000000] clocksource: kvm-clock: mask: 0xffffffffffffffff max_cycles: 0x1cd42e4dffb, max_idle_ns: 881590591483 ns
[    0.000000] Zone ranges:
[    0.000000]   DMA      [mem 0x0000000000001000-0x0000000000ffffff]
[    0.000000]   DMA32    [mem 0x0000000001000000-0x000000007ffeffff]
[    0.000000]   Normal   empty
[    0.000000]   Device   empty
[    0.000000] Movable zone start for each node
[    0.000000] Early memory node ranges
[    0.000000]   node   0: [mem 0x0000000000001000-0x000000000009efff]
[    0.000000]   node   0: [mem 0x0000000000100000-0x000000007ffeffff]
[    0.000000] Reserved but unavailable: 98 pages
[    0.000000] Initmem setup node 0 [mem 0x0000000000001000-0x000000007ffeffff]
[    0.000000] ACPI: PM-Timer IO Port: 0x4008
[    0.000000] IOAPIC[0]: apic_id 2, version 32, address 0xfec00000, GSI 0-23
[    0.000000] ACPI: INT_SRC_OVR (bus 0 bus_irq 0 global_irq 2 dfl dfl)
[    0.000000] ACPI: INT_SRC_OVR (bus 0 bus_irq 9 global_irq 9 low level)
[    0.000000] Using ACPI (MADT) for SMP configuration information
[    0.000000] smpboot: Allowing 2 CPUs, 0 hotplug CPUs
[    0.000000] PM: Registered nosave memory: [mem 0x00000000-0x00000fff]
[    0.000000] PM: Registered nosave memory: [mem 0x0009f000-0x0009ffff]
[    0.000000] PM: Registered nosave memory: [mem 0x000a0000-0x000effff]
[    0.000000] PM: Registered nosave memory: [mem 0x000f0000-0x000fffff]
[    0.000000] e820: [mem 0x80000000-0xfebfffff] available for PCI devices
[    0.000000] Booting paravirtualized kernel on KVM
[    0.000000] clocksource: refined-jiffies: mask: 0xffffffff max_cycles: 0xffffffff, max_idle_ns: 7645519600211568 ns
[    0.000000] random: get_random_bytes called from start_kernel+0x99/0x500 with crng_init=0
[    0.000000] setup_percpu: NR_CPUS:8192 nr_cpumask_bits:2 nr_cpu_ids:2 nr_node_ids:1
[    0.000000] percpu: Embedded 45 pages/cpu s147456 r8192 d28672 u1048576
[    0.000000] PV qspinlock hash table entries: 256 (order: 0, 4096 bytes)
[    0.000000] Built 1 zonelists, mobility grouping on.  Total pages: 515961
[    0.000000] Policy zone: DMA32
[    0.000000] Kernel command line: BOOT_IMAGE=/boot/vmlinuz-4.15.0-121-generic root=LABEL=cloudimg-rootfs ro console=tty1 console=ttyS0
[    0.000000] Memory: 2015224K/2096696K available (12300K kernel code, 2482K rwdata, 4272K rodata, 2436K init, 2724K bss, 81472K reserved, 0K cma-reserved)
[    0.000000] SLUB: HWalign=64, Order=0-3, MinObjects=0, CPUs=2, Nodes=1
[    0.000000] Kernel/User page tables isolation: enabled
[    0.000000] ftrace: allocating 39402 entries in 154 pages
[    0.004000] Hierarchical RCU implementation.
[    0.004000] 	RCU restricting CPUs from NR_CPUS=8192 to nr_cpu_ids=2.
[    0.004000] 	Tasks RCU enabled.
[    0.004000] RCU: Adjusting geometry for rcu_fanout_leaf=16, nr_cpu_ids=2
[    0.004000] NR_IRQS: 524544, nr_irqs: 440, preallocated irqs: 16
[    0.004000] Console: colour VGA+ 80x25
[    0.004000] console [tty1] enabled
[    0.004000] console [ttyS0] enabled
[    0.004000] ACPI: Core revision 20170831
[    0.004000] ACPI: 2 ACPI AML tables successfully acquired and loaded
[    0.004000] APIC: Switch to symmetric I/O mode setup
[    0.004000] x2apic enabled
[    0.004000] Switched APIC routing to physical x2apic.
[    0.004000] ..TIMER: vector=0x30 apic1=0 pin1=2 apic2=-1 pin2=-1
[    0.004004] tsc: Detected 2494.226 MHz processor
[    0.004842] Calibrating delay loop (skipped) preset value.. 4988.45 BogoMIPS (lpj=9976904)
[    0.005486] pid_max: default: 32768 minimum: 301
[    0.006343] Security Framework initialized
[    0.008002] Yama: becoming mindful.
[    0.008670] AppArmor: AppArmor initialized
[    0.010738] Dentry cache hash table entries: 262144 (order: 9, 2097152 bytes)
[    0.013104] Inode-cache hash table entries: 131072 (order: 8, 1048576 bytes)
[    0.014401] Mount-cache hash table entries: 4096 (order: 3, 32768 bytes)
[    0.016006] Mountpoint-cache hash table entries: 4096 (order: 3, 32768 bytes)
[    0.017713] Last level iTLB entries: 4KB 1024, 2MB 1024, 4MB 1024
[    0.018835] Last level dTLB entries: 4KB 1024, 2MB 1024, 4MB 1024, 1GB 4
[    0.020002] Spectre V1 : Mitigation: usercopy/swapgs barriers and __user pointer sanitization
[    0.021577] Spectre V2 : Mitigation: Full generic retpoline
[    0.022642] Spectre V2 : Spectre v2 / SpectreRSB mitigation: Filling RSB on context switch
[    0.024003] Speculative Store Bypass: Vulnerable
[    0.025107] SRBDS: Unknown: Dependent on hypervisor status
[    0.026392] MDS: Mitigation: Clear CPU buffers
[    0.027399] Freeing SMP alternatives memory: 36K
[    0.140123] smpboot: CPU0: Intel(R) Core(TM) i7-4870HQ CPU @ 2.50GHz (family: 0x6, model: 0x46, stepping: 0x1)
[    0.142711] Performance Events: unsupported p6 CPU model 70 no PMU driver, software events only.
[    0.144037] Hierarchical SRCU implementation.
[    0.145682] NMI watchdog: Perf event create on CPU 0 failed with -2
[    0.146942] NMI watchdog: Perf NMI watchdog permanently disabled
[    0.148040] smp: Bringing up secondary CPUs ...
[    0.149028] x86: Booting SMP configuration:
[    0.149819] .... node  #0, CPUs:      #1
[    0.004000] kvm-clock: cpu 1, msr 0:7ff44041, secondary cpu clock
[    0.155233] smp: Brought up 1 node, 2 CPUs
[    0.156005] smpboot: Max logical packages: 1
[    0.156804] smpboot: Total of 2 processors activated (9976.90 BogoMIPS)
[    0.158325] devtmpfs: initialized
[    0.160193] x86/mm: Memory block size: 128MB
[    0.162075] evm: security.selinux
[    0.162860] evm: security.SMACK64
[    0.163606] evm: security.SMACK64EXEC
[    0.164005] evm: security.SMACK64TRANSMUTE
[    0.164834] evm: security.SMACK64MMAP
[    0.165706] evm: security.apparmor
[    0.166433] evm: security.ima
[    0.167035] evm: security.capability
[    0.168103] clocksource: jiffies: mask: 0xffffffff max_cycles: 0xffffffff, max_idle_ns: 7645041785100000 ns
[    0.169883] futex hash table entries: 512 (order: 3, 32768 bytes)
[    0.172024] pinctrl core: initialized pinctrl subsystem
[    0.173229] RTC time: 17:57:44, date: 10/26/20
[    0.174425] NET: Registered protocol family 16
[    0.175316] audit: initializing netlink subsys (disabled)
[    0.176021] audit: type=2000 audit(1603735069.012:1): state=initialized audit_enabled=0 res=1
[    0.177711] cpuidle: using governor ladder
[    0.177711] cpuidle: using governor menu
[    0.180178] ACPI: bus type PCI registered
[    0.181157] acpiphp: ACPI Hot Plug PCI Controller Driver version: 0.5
[    0.182516] PCI: Using configuration type 1 for base access
[    0.185305] HugeTLB registered 2.00 MiB page size, pre-allocated 0 pages
[    0.188078] ACPI: Added _OSI(Module Device)
[    0.188896] ACPI: Added _OSI(Processor Device)
[    0.189720] ACPI: Added _OSI(3.0 _SCP Extensions)
[    0.190651] ACPI: Added _OSI(Processor Aggregator Device)
[    0.192004] ACPI: Added _OSI(Linux-Dell-Video)
[    0.193026] ACPI: Added _OSI(Linux-Lenovo-NV-HDMI-Audio)
[    0.193987] ACPI: Added _OSI(Linux-HPI-Hybrid-Graphics)
[    0.196354] ACPI: Executed 1 blocks of module-level executable AML code
[    0.201175] ACPI: Interpreter enabled
[    0.203394] ACPI: (supports S0 S5)
[    0.204006] ACPI: Using IOAPIC for interrupt routing
[    0.205233] PCI: Using host bridge windows from ACPI; if necessary, use "pci=nocrs" and report a bug
[    0.207400] ACPI: Enabled 2 GPEs in block 00 to 07
[    0.215025] ACPI: PCI Root Bridge [PCI0] (domain 0000 [bus 00-ff])
[    0.216007] acpi PNP0A03:00: _OSC: OS supports [ASPM ClockPM Segments MSI]
[    0.217667] acpi PNP0A03:00: _OSC: not requesting OS control; OS requires [ExtendedConfig ASPM ClockPM MSI]
[    0.219547] acpi PNP0A03:00: fail to add MMCONFIG information, can't access extended PCI configuration space under this bridge.
[    0.220507] PCI host bridge to bus 0000:00
[    0.221328] pci_bus 0000:00: root bus resource [io  0x0000-0x0cf7 window]
[    0.224007] pci_bus 0000:00: root bus resource [io  0x0d00-0xffff window]
[    0.225557] pci_bus 0000:00: root bus resource [mem 0x000a0000-0x000bffff window]
[    0.227195] pci_bus 0000:00: root bus resource [mem 0x80000000-0xfdffffff window]
[    0.228006] pci_bus 0000:00: root bus resource [bus 00-ff]
[    0.234617] pci 0000:00:01.1: legacy IDE quirk: reg 0x10: [io  0x01f0-0x01f7]
[    0.236004] pci 0000:00:01.1: legacy IDE quirk: reg 0x14: [io  0x03f6]
[    0.237312] pci 0000:00:01.1: legacy IDE quirk: reg 0x18: [io  0x0170-0x0177]
[    0.239217] pci 0000:00:01.1: legacy IDE quirk: reg 0x1c: [io  0x0376]
[    0.264732] pci 0000:00:07.0: quirk: [io  0x4000-0x403f] claimed by PIIX4 ACPI
[    0.266572] pci 0000:00:07.0: quirk: [io  0x4100-0x410f] claimed by PIIX4 SMB
[    0.274585] ACPI: PCI Interrupt Link [LNKA] (IRQs 5 9 10 *11)
[    0.276178] ACPI: PCI Interrupt Link [LNKB] (IRQs 5 9 *10 11)
[    0.277586] ACPI: PCI Interrupt Link [LNKC] (IRQs 5 *9 10 11)
[    0.278757] ACPI: PCI Interrupt Link [LNKD] (IRQs 5 9 10 *11)
[    0.280230] SCSI subsystem initialized
[    0.280996] pci 0000:00:02.0: vgaarb: setting as boot VGA device
[    0.281337] pci 0000:00:02.0: vgaarb: VGA device added: decodes=io+mem,owns=io+mem,locks=none
[    0.284010] pci 0000:00:02.0: vgaarb: bridge control possible
[    0.285129] vgaarb: loaded
[    0.285973] ACPI: bus type USB registered
[    0.287747] usbcore: registered new interface driver usbfs
[    0.288022] usbcore: registered new interface driver hub
[    0.292038] usbcore: registered new device driver usb
[    0.293324] EDAC MC: Ver: 3.0.0
[    0.293324] PCI: Using ACPI for IRQ routing
[    0.293324] NetLabel: Initializing
[    0.296007] NetLabel:  domain hash size = 128
[    0.296829] NetLabel:  protocols = UNLABELED CIPSOv4 CALIPSO
[    0.298134] NetLabel:  unlabeled traffic allowed by default
[    0.300131] clocksource: Switched to clocksource kvm-clock
[    0.313058] VFS: Disk quotas dquot_6.6.0
[    0.314054] VFS: Dquot-cache hash table entries: 512 (order 0, 4096 bytes)
[    0.315668] AppArmor: AppArmor Filesystem Enabled
[    0.316705] pnp: PnP ACPI init
[    0.318593] pnp: PnP ACPI: found 3 devices
[    0.329184] clocksource: acpi_pm: mask: 0xffffff max_cycles: 0xffffff, max_idle_ns: 2085701024 ns
[    0.331504] NET: Registered protocol family 2
[    0.332697] TCP established hash table entries: 16384 (order: 5, 131072 bytes)
[    0.334311] TCP bind hash table entries: 16384 (order: 6, 262144 bytes)
[    0.335717] TCP: Hash tables configured (established 16384 bind 16384)
[    0.338286] UDP hash table entries: 1024 (order: 3, 32768 bytes)
[    0.339386] UDP-Lite hash table entries: 1024 (order: 3, 32768 bytes)
[    0.340603] NET: Registered protocol family 1
[    0.341428] pci 0000:00:00.0: Limiting direct PCI/PCI transfers
[    0.342558] pci 0000:00:01.0: Activating ISA DMA hang workarounds
[    0.343714] pci 0000:00:02.0: Video device with shadowed ROM at [mem 0x000c0000-0x000dffff]
[    0.345357] Unpacking initramfs...
[    0.593356] Freeing initrd memory: 19216K
[    0.594363] clocksource: tsc: mask: 0xffffffffffffffff max_cycles: 0x23f3eb3743e, max_idle_ns: 440795257847 ns
[    0.596138] platform rtc_cmos: registered platform RTC device (no PNP device found)
[    0.598304] Scanning for low memory corruption every 60 seconds
[    0.600774] Initialise system trusted keyrings
[    0.601879] Key type blacklist registered
[    0.602808] workingset: timestamp_bits=36 max_order=19 bucket_order=0
[    0.604885] zbud: loaded
[    0.605892] squashfs: version 4.0 (2009/01/31) Phillip Lougher
[    0.607448] fuse init (API version 7.26)
[    0.612994] Key type asymmetric registered
[    0.613838] Asymmetric key parser 'x509' registered
[    0.615213] Block layer SCSI generic (bsg) driver version 0.4 loaded (major 246)
[    0.616899] io scheduler noop registered
[    0.617666] io scheduler deadline registered
[    0.618490] io scheduler cfq registered (default)
[    0.620275] ACPI: AC Adapter [AC] (on-line)
[    0.621620] input: Power Button as /devices/LNXSYSTM:00/LNXPWRBN:00/input/input0
[    0.623214] ACPI: Power Button [PWRF]
[    0.624033] input: Sleep Button as /devices/LNXSYSTM:00/LNXSLPBN:00/input/input1
[    0.626418] ACPI: Sleep Button [SLPF]
[    0.630103] ACPI: Battery Slot [BAT0] (battery present)
[    0.632558] Serial: 8250/16550 driver, 32 ports, IRQ sharing enabled
[    0.655402] 00:02: ttyS0 at I/O 0x3f8 (irq = 4, base_baud = 115200) is a 16550A
[    0.661396] Linux agpgart interface v0.103
[    0.665921] loop: module loaded
[    0.667645] scsi host0: ata_piix
[    0.669360] scsi host1: ata_piix
[    0.672180] ata1: PATA max UDMA/33 cmd 0x1f0 ctl 0x3f6 bmdma 0xd000 irq 14
[    0.674074] ata2: PATA max UDMA/33 cmd 0x170 ctl 0x376 bmdma 0xd008 irq 15
[    0.676357] libphy: Fixed MDIO Bus: probed
[    0.677545] tun: Universal TUN/TAP device driver, 1.6
[    0.678523] PPP generic driver version 2.4.2
[    0.679370] ehci_hcd: USB 2.0 'Enhanced' Host Controller (EHCI) Driver
[    0.681294] ehci-pci: EHCI PCI platform driver
[    0.682537] ehci-platform: EHCI generic platform driver
[    0.683583] ohci_hcd: USB 1.1 'Open' Host Controller (OHCI) Driver
[    0.684994] ohci-pci: OHCI PCI platform driver
[    0.685898] ohci-platform: OHCI generic platform driver
[    0.686943] uhci_hcd: USB Universal Host Controller Interface driver
[    0.688394] i8042: PNP: PS/2 Controller [PNP0303:PS2K,PNP0f03:PS2M] at 0x60,0x64 irq 1,12
[    0.690904] serio: i8042 KBD port at 0x60,0x64 irq 1
[    0.692304] serio: i8042 AUX port at 0x60,0x64 irq 12
[    0.693427] mousedev: PS/2 mouse device common for all mice
[    0.694781] input: AT Translated Set 2 keyboard as /devices/platform/i8042/serio0/input/input2
[    0.696888] rtc_cmos rtc_cmos: rtc core: registered rtc_cmos as rtc0
[    0.698376] rtc_cmos rtc_cmos: alarms up to one day, 114 bytes nvram
[    0.699658] i2c /dev entries driver
[    0.700421] device-mapper: uevent: version 1.0.3
[    0.701396] device-mapper: ioctl: 4.37.0-ioctl (2017-09-20) initialised: dm-devel@redhat.com
[    0.703076] ledtrig-cpu: registered to indicate activity on CPUs
[    0.705266] NET: Registered protocol family 10
[    0.709815] Segment Routing with IPv6
[    0.710653] NET: Registered protocol family 17
[    0.711705] Key type dns_resolver registered
[    0.712785] mce: Using 0 MCE banks
[    0.713508] RAS: Correctable Errors collector initialized.
[    0.714696] sched_clock: Marking stable (712706215, 0)->(883594210, -170887995)
[    0.716681] registered taskstats version 1
[    0.717491] Loading compiled-in X.509 certificates
[    0.720682] Loaded X.509 cert 'Build time autogenerated kernel key: 517b2180bafe62ad6f81db3336688475b28504c0'
[    0.722742] zswap: loaded using pool lzo/zbud
[    0.728342] Key type big_key registered
[    0.729232] Key type trusted registered
[    0.731932] Key type encrypted registered
[    0.732916] AppArmor: AppArmor sha1 policy hashing enabled
[    0.733997] ima: No TPM chip found, activating TPM-bypass! (rc=-19)
[    0.735121] ima: Allocated hash algorithm: sha1
[    0.735996] evm: HMAC attrs: 0x1
[    0.737043]   Magic number: 8:226:998
[    0.737871] i8042 kbd 00:00: hash matches
[    0.738805] rtc_cmos rtc_cmos: setting system clock to 2020-10-26 17:57:44 UTC (1603735064)
[    0.740480] BIOS EDD facility v0.16 2004-Jun-25, 0 devices found
[    0.741594] EDD information not available.
[    1.078365] Freeing unused kernel image memory: 2436K
[    1.092283] Write protecting the kernel read-only data: 20480k
[    1.094652] Freeing unused kernel image memory: 2008K
[    1.096744] Freeing unused kernel image memory: 1872K
[    1.104706] x86/mm: Checked W+X mappings: passed, no W+X pages found.
[    1.105964] x86/mm: Checking user space page tables
[    1.111861] x86/mm: Checked W+X mappings: passed, no W+X pages found.
Loading, please wait...
starting version 237
[    1.183156] Fusion MPT base driver 3.04.20
[    1.184053] Copyright (c) 1999-2008 LSI Corporation
[    1.186671] e1000: Intel(R) PRO/1000 Network Driver - version 7.3.21-k8-NAPI
[    1.188015] e1000: Copyright (c) 1999-2006 Intel Corporation.
[    1.192582] Fusion MPT SPI Host driver 3.04.20
[    1.211277] AVX2 version of gcm_enc/dec engaged.
[    1.212220] AES CTR mode by8 optimization enabled
[    1.389206] input: ImExPS/2 Generic Explorer Mouse as /devices/platform/i8042/serio1/input/input4
[    1.589371] e1000 0000:00:03.0 eth0: (PCI:33MHz:32-bit) 02:3b:b1:b7:71:c1
[    1.591212] e1000 0000:00:03.0 eth0: Intel(R) PRO/1000 Network Connection
[    1.593640] mptbase: ioc0: Initiating bringup
[    1.593980] e1000 0000:00:03.0 enp0s3: renamed from eth0
[    2.145048] ioc0: LSI53C1030 A0: Capabilities={Initiator}
[    5.606929] scsi host2: ioc0: LSI53C1030 A0, FwRev=00000000h, Ports=1, MaxQ=256, IRQ=20
[    8.053744] scsi 2:0:0:0: Direct-Access     VBOX     HARDDISK         1.0  PQ: 0 ANSI: 5
[    8.601457] scsi target2:0:0: Beginning Domain Validation
[    8.605532] scsi target2:0:0: Domain Validation skipping write tests
[    8.606865] scsi target2:0:0: Ending Domain Validation
[    8.607997] scsi target2:0:0: asynchronous
[    8.609364] scsi 2:0:1:0: Direct-Access     VBOX     HARDDISK         1.0  PQ: 0 ANSI: 5
[   10.094872] scsi target2:0:1: Beginning Domain Validation
[   10.098412] random: fast init done
[   10.099658] scsi target2:0:1: Domain Validation skipping write tests
[   10.101167] scsi target2:0:1: Ending Domain Validation
[   10.102361] scsi target2:0:1: asynchronous
[   10.107399] random: systemd-udevd: uninitialized urandom read (16 bytes read)
[   10.107410] sd 2:0:0:0: Attached scsi generic sg0 type 0
[   10.108782] random: systemd-udevd: uninitialized urandom read (16 bytes read)
[   10.109887] sd 2:0:1:0: Attached scsi generic sg1 type 0
[   10.111054] random: systemd-udevd: uninitialized urandom read (16 bytes read)
[   10.112549] sd 2:0:0:0: [sda] 20971520 512-byte logical blocks: (10.7 GB/10.0 GiB)
[   10.115292] sd 2:0:0:0: [sda] Write Protect is off
[   10.117561] sd 2:0:1:0: [sdb] 20480 512-byte logical blocks: (10.5 MB/10.0 MiB)
[   10.117563] sd 2:0:0:0: [sda] Incomplete mode parameter data
[   10.120935] sd 2:0:0:0: [sda] Assuming drive cache: write through
[   10.120971] sd 2:0:1:0: [sdb] Write Protect is off
[   10.124929] sd 2:0:1:0: [sdb] Incomplete mode parameter data
[   10.125509]  sda: sda1
[   10.126170] sd 2:0:1:0: [sdb] Assuming drive cache: write through
[   10.127484] sd 2:0:0:0: [sda] Attached SCSI disk
[   10.131454] sd 2:0:1:0: [sdb] Attached SCSI disk
Begin: Loading essential drivers ... [   11.588240] raid6: sse2x1   gen()  9996 MB/s
[   11.636311] raid6: sse2x1   xor()  7781 MB/s
[   11.684285] raid6: sse2x2   gen() 12890 MB/s
[   11.732055] raid6: sse2x2   xor()  7238 MB/s
[   11.780232] raid6: sse2x4   gen() 15349 MB/s
[   11.828528] raid6: sse2x4   xor()  9485 MB/s
[   11.876092] raid6: avx2x1   gen() 17647 MB/s
[   11.924087] raid6: avx2x1   xor() 14011 MB/s
[   11.972498] raid6: avx2x2   gen() 20618 MB/s
[   12.020288] raid6: avx2x2   xor() 15604 MB/s
[   12.068229] raid6: avx2x4   gen() 28223 MB/s
[   12.116149] raid6: avx2x4   xor() 18446 MB/s
[   12.117188] raid6: using algorithm avx2x4 gen() 28223 MB/s
[   12.118312] raid6: .... xor() 18446 MB/s, rmw enabled
[   12.119214] raid6: using avx2x2 recovery algorithm
[   12.121786] xor: automatically using best checksumming function   avx       
[   12.124773] async_tx: api initialized (async)
done.
Begin: Running /scripts/init-premount ... done.
Begin: Mounting root file system ... Begin: Running /scripts/local-top ... done.
Begin: Running /scripts/local-premount ... [   12.169507] Btrfs loaded, crc32c=crc32c-intel
Scanning for Btrfs filesystems
done.
Warning: fsck not present, so skipping root file system
[   12.203524] EXT4-fs (sda1): mounted filesystem with ordered data mode. Opts: (null)
done.
Begin: Running /scripts/local-bottom ... done.
Begin: Running /scripts/init-bottom ... done.
[   12.357516] ip_tables: (C) 2000-2006 Netfilter Core Team
[   12.368577] systemd[1]: systemd 237 running in system mode. (+PAM +AUDIT +SELINUX +IMA +APPARMOR +SMACK +SYSVINIT +UTMP +LIBCRYPTSETUP +GCRYPT +GNUTLS +ACL +XZ +LZ4 +SECCOMP +BLKID +ELFUTILS +KMOD -IDN2 +IDN -PCRE2 default-hierarchy=hybrid)
[   12.372794] systemd[1]: Detected virtualization oracle.
[   12.374002] systemd[1]: Detected architecture x86-64.

Welcome to [1mUbuntu 18.04.5 LTS[0m!

[   12.382435] systemd[1]: Set hostname to <ubuntu>.
[   12.391306] systemd[1]: Initializing machine ID from random generator.
[   12.392720] systemd[1]: Installed transient /etc/machine-id file.
[   12.655960] systemd[1]: Set up automount Arbitrary Executable File Formats File System Automount Point.
[[0;32m  OK  [0m] Set up automount Arbitrary Executab…rmats File System Automount Point.
[   12.662108] systemd[1]: Created slice User and Session Slice.
[[0;32m  OK  [0m] Created slice User and Session Slice.
[   12.664522] systemd[1]: Created slice System Slice.
[[0;32m  OK  [0m] Created slice System Slice.
[   12.666403] systemd[1]: Listening on Journal Socket (/dev/log).
[[0;32m  OK  [0m] Listening on Journal Socket (/dev/log).
[[0;32m  OK  [0m] Listening on Journal Audit Socket.
[[0;32m  OK  [0m] Listening on Network Service Netlink Socket.
[[0;32m  OK  [0m] Listening on udev Control Socket.
[[0;32m  OK  [0m] Reached target Slices.
[[0;32m  OK  [0m] Listening on udev Kernel Socket.
[[0;32m  OK  [0m] Listening on LVM2 poll daemon socket.
[[0;32m  OK  [0m] Listening on /dev/initctl Compatibility Named Pipe.
[[0;32m  OK  [0m] Listening on Device-mapper event daemon FIFOs.
[[0;32m  OK  [0m] Reached target System Time Synchronized.
[[0;32m  OK  [0m] Started Forward Password Requests to Wall Directory Watch.
[[0;32m  OK  [0m] Listening on LVM2 metadata daemon socket.
[[0;32m  OK  [0m] Listening on Journal Socket.
         Mounting POSIX Message Queue File System...
         Starting Monitoring of LVM2 mirrors…ng dmeventd or progress polling...
         Starting Create list of required st…ce nodes for the current kernel...
         Starting Set the console keyboard layout...
         Mounting Kernel Debug File System...
         Starting Remount Root and Kernel File Systems...
         Starting udev Coldplug all Devices...
[[0;32m  OK  [0m] Reached target User and Group Name Lookups.
         Starting Load Kernel Modules...
[   12.764529] EXT4-fs (sda1): re-mounted. Opts: (null)
[   12.774813] Loading iSCSI transport class v2.0-870.
[   12.781028] iscsi: registered transport (tcp)
         Mounting Huge Pages File System...
[[0;32m  OK  [0m] Listening on Syslog Socket.
         Starting Journal Service...
         Starting Uncomplicated firewall...
[[0;32m  OK  [0m] Created slice system-serial\x2dgetty.slice.
[[0;32m  OK  [0m] Reached target Swap.
[[0;32m  OK  [0m] Mounted POSIX Message Queue File System.
[[0;32m  OK  [0m] Started Create list of required sta…vice nodes for the current kernel.
[[   12.826651] iscsi: registered transport (iser)
[0;32m  OK  [0m] Mounted Kernel Debug File System.
[[0;32m  OK  [0m] Started Remount Root and Kernel File Systems.
[[0;32m  OK  [0m] Started Load Kernel Modules.
[[0;32m  OK  [0m] Mounted Huge Pages File System.
[[0;32m  OK  [0m] Started Uncomplicated firewall.
[[0;32m  OK  [0m] Started LVM2 metadata daemon.
         Mounting Kernel Configuration File System...
         Mounting FUSE Control File System...
         Starting Apply Kernel Variables...
         Starting Load/Save Random Seed...
         Starting Create Static Device Nodes in /dev...
[[0;32m  OK  [0m] Started Journal Service.
[[0;32m  OK  [0m] Started Monitoring of LVM2 mirrors,…sing dmeventd or progress polling.
[[0;32m  OK  [0m] Started udev Coldplug all Devices.
[[0;32m  OK  [0m] Mounted Kernel Configuration File System.
[[0;32m  OK  [0m] Mounted FUSE Control File System.
[[0;32m  OK  [0m] Started Apply Kernel Variables.
[[0;32m  OK  [0m] Started Load/Save Random Seed.
[[0;32m  OK  [0m] Started Create Static Device Nodes in /dev.
         Starting udev Kernel Device Manager...
         Starting Flush Journal to Persistent Storage...
[[0;32m  OK  [0m] Started Set the console keyboard layout.
[[0;32m  OK  [0m] Reached target Local File Systems (Pre).
[[0;32m  OK  [0m] Reached target Local File Systems.
         Starting AppArmor initialization...
         Starting Set console font and keymap...
         Starting Tell Plymouth To Write Out Runtime Data...
         Starting ebtables ruleset management...
         Starting Commit a transient machine-id on disk...
[[0;32m  OK  [0m] Started udev Kernel Device Manager.
[[0;32m  OK  [0m] Started Dispatch Password Requests to Console Directory Watch.
[[0;32m  OK  [0m] Reached target Local Encrypted Volumes.
[[0;32m  OK  [0m] Started Set console font and keymap.
[[0;32m  OK  [0m] Started Tell Plymouth To Write Out Runtime Data.
[[0;32m  OK  [0m] Started Flush Journal to Persistent Storage.
         Starting Create Volatile Files and Directories...
[[0;32m  OK  [0m] Started Commit a transient machine-id on disk.
[[0;32m  OK  [0m] Started Create Volatile Files and Directories.
         Starting Update UTMP about System Boot/Shutdown...
[[0;32m  OK  [0m] Started Update UTMP about System Boot/Shutdown.
[[0;32m  OK  [0m] Found device /dev/ttyS0.
[[0;32m  OK  [0m] Started ebtables ruleset management.
[[0;32m  OK  [0m] Listening on Load/Save RF Kill Switch Status /dev/rfkill Watch.
[[0;32m  OK  [0m] Started AppArmor initialization.
         Starting Load AppArmor profiles managed internally by snapd...
         Starting Initial cloud-init job (pre-networking)...
[[0;32m  OK  [0m] Started Load AppArmor profiles managed internally by snapd.
[   14.779024] cloud-init[583]: Cloud-init v. 20.3-2-g371b392c-0ubuntu1~18.04.1 running 'init-local' at Mon, 26 Oct 2020 17:57:58 +0000. Up 14.44 seconds.
[[0;32m  OK  [0m] Started Initial cloud-init job (pre-networking).
[[0;32m  OK  [0m] Reached target Network (Pre).
         Starting Network Service...
[[0;32m  OK  [0m] Started Network Service.
         Starting Wait for Network to be Configured...
         Starting Network Name Resolution...
[[0;32m  OK  [0m] Started Network Name Resolution.
[[0;32m  OK  [0m] Reached target Host and Network Name Lookups.
[[0;32m  OK  [0m] Reached target Network.
[[0;32m  OK  [0m] Started Wait for Network to be Configured.
         Starting Initial cloud-init job (metadata service crawler)...
[   16.985918] cloud-init[697]: Cloud-init v. 20.3-2-g371b392c-0ubuntu1~18.04.1 running 'init' at Mon, 26 Oct 2020 17:58:00 +0000. Up 16.85 seconds.
[   16.987943] cloud-init[697]: ci-info: ++++++++++++++++++++++++++++++++++++++Net device info++++++++++++++++++++++++++++++++++++++
[   16.989943] cloud-init[697]: ci-info: +--------+------+----------------------------+---------------+--------+-------------------+
[   17.004229] cloud-init[697]: ci-info: | Device |  Up  |          Address           |      Mask     | Scope  |     Hw-Address    |
[   17.006247] cloud-init[697]: ci-info: +--------+------+----------------------------+---------------+--------+-------------------+
[   17.008023] cloud-init[697]: ci-info: | enp0s3 | True |         10.0.2.15          | 255.255.255.0 | global | 02:3b:b1:b7:71:c1 |
[   17.010584] cloud-init[697]: ci-info: | enp0s3 | True | fe80::3b:b1ff:feb7:71c1/64 |       .       |  link  | 02:3b:b1:b7:71:c1 |
[   17.011978] cloud-init[697]: ci-info: |   lo   | True |         127.0.0.1          |   255.0.0.0   |  host  |         .         |
[   17.013361] cloud-init[697]: ci-info: |   lo   | True |          ::1/128           |       .       |  host  |         .         |
[   17.014796] cloud-init[697]: ci-info: +--------+------+----------------------------+---------------+--------+-------------------+
[   17.028270] cloud-init[697]: ci-info: ++++++++++++++++++++++++++++Route IPv4 info+++++++++++++++++++++++++++++
[   17.040493] cloud-init[697]: ci-info: +-------+-------------+----------+-----------------+-----------+-------+
[   17.042292] cloud-init[697]: ci-info: | Route | Destination | Gateway  |     Genmask     | Interface | Flags |
[   17.044185] cloud-init[697]: ci-info: +-------+-------------+----------+-----------------+-----------+-------+
[   17.046179] cloud-init[697]: ci-info: |   0   |   0.0.0.0   | 10.0.2.2 |     0.0.0.0     |   enp0s3  |   UG  |
[   17.048171] cloud-init[697]: ci-info: |   1   |   10.0.2.0  | 0.0.0.0  |  255.255.255.0  |   enp0s3  |   U   |
[   17.050249] cloud-init[697]: ci-info: |   2   |   10.0.2.2  | 0.0.0.0  | 255.255.255.255 |   enp0s3  |   UH  |
[   17.052220] cloud-init[697]: ci-info: +-------+-------------+----------+-----------------+-----------+-------+
[   17.054544] cloud-init[697]: ci-info: +++++++++++++++++++Route IPv6 info+++++++++++++++++++
[   17.056232] cloud-init[697]: ci-info: +-------+-------------+---------+-----------+-------+
[   17.057765] cloud-init[697]: ci-info: | Route | Destination | Gateway | Interface | Flags |
[   17.059287] cloud-init[697]: ci-info: +-------+-------------+---------+-----------+-------+
[   17.061490] cloud-init[697]: ci-info: |   1   |  fe80::/64  |    ::   |   enp0s3  |   U   |
[   17.063589] cloud-init[697]: ci-info: |   3   |    local    |    ::   |   enp0s3  |   U   |
[   17.065449] cloud-init[697]: ci-info: |   4   |   ff00::/8  |    ::   |   enp0s3  |   U   |
[   17.066748] cloud-init[697]: ci-info: +-------+-------------+---------+-----------+-------+
[   17.766018] cloud-init[697]: Generating public/private rsa key pair.
[   17.766949] cloud-init[697]: Your identification has been saved in /etc/ssh/ssh_host_rsa_key.
[   17.768234] cloud-init[697]: Your public key has been saved in /etc/ssh/ssh_host_rsa_key.pub.
[   17.769142] cloud-init[697]: The key fingerprint is:
[   17.780327] cloud-init[697]: SHA256:5ynNUPQ2M5vl1q8r13+44+c/PPIFkGmyHLwW5rWv6bE root@ubuntu-bionic
[   17.781409] cloud-init[697]: The key's randomart image is:
[   17.792456] cloud-init[697]: +---[RSA 2048]----+
[   17.792954] cloud-init[697]: |          .      |
[   17.804232] cloud-init[697]: |         o . o   |
[   17.804920] cloud-init[697]: |          B % .  |
[   17.805676] cloud-init[697]: |         = X @ . |
[   17.806426] cloud-init[697]: |        S B + + .|
[   17.807130] cloud-init[697]: |         B . o ..|
[   17.807899] cloud-init[697]: |        . = . ooo|
[   17.808714] cloud-init[697]: |         .  .*+==|
[   17.809491] cloud-init[697]: |           .E+BBX|
[   17.810258] cloud-init[697]: +----[SHA256]-----+
[   17.810998] cloud-init[697]: Generating public/private dsa key pair.
[   17.811989] cloud-init[697]: Your identification has been saved in /etc/ssh/ssh_host_dsa_key.
[   17.813330] cloud-init[697]: Your public key has been saved in /etc/ssh/ssh_host_dsa_key.pub.
[   17.814623] cloud-init[697]: The key fingerprint is:
[   17.815406] cloud-init[697]: SHA256:cds2SxDZGzQQCiUBLOqozF6KUtc4KgAYr+b5WApTyrQ root@ubuntu-bionic
[   17.816778] cloud-init[697]: The key's randomart image is:
[   17.817650] cloud-init[697]: +---[DSA 1024]----+
[   17.818387] cloud-init[697]: |   ...+o. +*o    |
[   17.819124] cloud-init[697]: |. . .  o ...o.   |
[   17.819867] cloud-init[697]: |.+ .    o o  o   |
[   17.820662] cloud-init[697]: |+ .      o +.    |
[   17.821403] cloud-init[697]: |+o.  o  S . =    |
[   17.822210] cloud-init[697]: |*=o + .    o o   |
[   17.823005] cloud-init[697]: |@E.= .      .    |
[   17.823727] cloud-init[697]: |**B              |
[   17.824489] cloud-init[697]: |+*..             |
[   17.825378] cloud-init[697]: +----[SHA256]-----+
[   17.836285] cloud-init[697]: Generating public/private ecdsa key pair.
[   17.837123] cloud-init[697]: Your identification has been saved in /etc/ssh/ssh_host_ecdsa_key.
[   17.838000] cloud-init[697]: Your public key has been saved in /etc/ssh/ssh_host_ecdsa_key.pub.
[[   17.848582] cloud-init[697]: The key fingerprint is:
[   17.848687] cloud-init[697]: SHA256:1G0a3i6nVVOMswiX9T+wYIwv65aP5eFUaKylcpuCLzY root@ubuntu-bionic
[0;32m  OK  [0m] Started Initial cloud-init job (metadata service crawler).
[[0;32m  OK  [0m[   17.860773] cloud-init[697]: The key's randomart image is:
[   17.861419] cloud-init[697]: +---[ECDSA 256]---+
[   17.862186] cloud-init[697]: |              .  |
[   17.863825] cloud-init[697]: |         .o. o + |
[   17.864279] cloud-init[697]: |        ..++=.o +|
[   17.865152] cloud-init[697]: |       . .+Bo.o+.|
[   17.865299] cloud-init[697]: |        S.o*oo+..|
[   17.866135] cloud-init[697]: |          B... ..|
[   17.866438] cloud-init[697]: |      .. =o++    |
[   17.867028] cloud-init[697]: |     E .+oO=.    |
[   17.867397] cloud-init[697]: |    . +.o=o+     |
[   17.868153] cloud-init[697]: +----[SHA256]-----+
[   17.868423] cloud-init[697]: Generating public/private ed25519 key pair.
[   17.868648] cloud-init[697]: Your identification has been saved in /etc/ssh/ssh_host_ed25519_key.
[   17.869745] cloud-init[697]: Your public key has been saved in /etc/ssh/ssh_host_ed25519_key.pub.
[   17.870181] cloud-init[697]: The key fingerprint is:
[   17.870985] cloud-init[697]: SHA256:BR9HZsK1HGAcKtI699xu/2ier9lnMdnOMGXMMZpNxak root@ubuntu-bionic
[   17.871045] cloud-init[697]: The key's randomart image is:
[   17.873769] cloud-init[697]: +--[ED25519 256]--+
[   17.873885] cloud-init[697]: |        .o*=B  .+|
[   17.874791] cloud-init[697]: |     .   =oB o =.|
[   17.875399] cloud-init[697]: |    . o . o o *oo|
[   17.876324] cloud-init[697]: |     o . .   E .=|
[   17.876586] cloud-init[697]: |    o . S      oo|
[   17.877693] cloud-init[697]: |     o o .    o+.|
[   17.877902] cloud-init[697]: |        o .    =o|
] Reached target Cloud-config availability.
[   17.878527] cloud-init[697]: |         .. .=  =|
[   17.878811] cloud-init[697]: |         ..+B++o |
[   17.879896] cloud-init[697]: +----[SHA256]-----+
[[0;32m  OK  [0m] Reached target Network is Online.
[[0;32m  OK  [0m] Reached target Remote File Systems (Pre).
[[0;32m  OK  [0m] Reached target Remote File Systems.
         Starting Availability of block devices...
[[0;32m  OK  [0m] Reached target System Initialization.
[[0;32m  OK  [0m] Started ACPI Events Check.
[[0;32m  OK  [0m] Listening on ACPID Listen Socket.
[[0;32m  OK  [0m] Listening on UUID daemon activation socket.
[[0;32m  OK  [0m] Listening on D-Bus System Message Bus Socket.
[[0;32m  OK  [0m] Listening on Open-iSCSI iscsid Socket.
         Starting LXD - unix socket.
[[0;32m  OK  [0m] Started Message of the Day.
[[0;32m  OK  [0m] Started Discard unused blocks once a week.
[[0;32m  OK  [0m] Reached target Paths.
         Starting Socket activation for snappy daemon.
[[0;32m  OK  [0m] Started Daily apt download activities.
[[0;32m  OK  [0m] Started Daily apt upgrade and clean activities.
[[0;32m  OK  [0m] Started Daily Cleanup of Temporary Directories.
[[0;32m  OK  [0m] Reached target Timers.
[[0;32m  OK  [0m] Started Availability of block devices.
[[0;32m  OK  [0m] Listening on LXD - unix socket.
[[0;32m  OK  [0m] Listening on Socket activation for snappy daemon.
[[0;32m  OK  [0m] Reached target Sockets.
[[0;32m  OK  [0m] Reached target Basic System.
         Starting LSB: automatic crash report generation...
         Starting System Logging Service...
         Starting LXD - container startup/shutdown...
[[0;32m  OK  [0m] Started irqbalance daemon.
         Starting Login Service...
[[0;32m  OK  [0m] Started FUSE filesystem for LXC.
         Starting LSB: Record successful boot for GRUB...
[[0;32m  OK  [0m] Started Regular background program processing daemon.
[[0;32m  OK  [0m] Started Deferred execution scheduler.
         Starting Dispatcher daemon for systemd-networkd...
         Starting Permit User Sessions...
         Starting Snap Daemon...
         Starting Pollinate to seed the pseudo random number generator...
         Starting Accounts Service...
[[0;32m  OK  [0m] Started D-Bus System Message Bus.
[[0;32m  OK  [0m] Started Login Service.
[[0;32m  OK  [0m] Started Unattended Upgrades Shutdown.
         Starting Virtualbox guest utils...
[[0;32m  OK  [0m] Started System Logging Service.
[[0;32m  OK  [0m] Started LXD - container startup/shutdown.
[[0;32m  OK  [0m] Started Permit User Sessions.
         Starting Terminate Plymouth Boot Screen...
         Starting Hold until boot process finishes up...
[[0;32m  OK  [0m] Started Hold until boot process finishes up.
[[0;32m  OK  [0m] Started Serial Getty on ttyS0.
         Starting Set console scheme...
[[0;32m  OK  [0m] Started Terminate Plymouth Boot Screen.
[[0;32m  OK  [0m] Started Set console scheme.
[[0;32m  OK  [0m] Created slice system-getty.slice.
[[0;32m  OK  [0m] Started Getty on tty1.
[[0;32m  OK  [0m] Reached target Login Prompts.
         Starting Authorization Manager...
[[0;32m  OK  [0m] Started LSB: automatic crash report generation.
[[0;32m  OK  [0m] Started Authorization Manager.
[[0;32m  OK  [0m] Started Accounts Service.
[[0;32m  OK  [0m] Started Virtualbox guest utils.
[[0;32m  OK  [0m] Started LSB: Record successful boot for GRUB.
[[0;32m  OK  [0m] Started Dispatcher daemon for systemd-networkd.
[[0;32m  OK  [0m] Started Snap Daemon.
         Starting Wait until snapd is fully seeded...
[[0;32m  OK  [0m] Started Pollinate to seed the pseudo random number generator.
         Starting OpenBSD Secure Shell server...
[[0;32m  OK  [0m] Started OpenBSD Secure Shell server.
[[0;32m  OK  [0m] Created slice User Slice of vagrant.
         Starting User Manager for UID 1000...
[[0;32m  OK  [0m] Started Session 1 of user vagrant.
[[0;32m  OK  [0m] Started User Manager for UID 1000.
[[0;32m  OK  [0m] Started Wait until snapd is fully seeded.
         Starting Apply the settings specified in cloud-config...
[[0;32m  OK  [0m] Reached target Multi-User System.
[[0;32m  OK  [0m] Reached target Graphical Interface.
         Starting Update UTMP about System Runlevel Changes...
[[0;32m  OK  [0m] Started Update UTMP about System Runlevel Changes.
[   21.247423] cloud-init[1289]: Cloud-init v. 20.3-2-g371b392c-0ubuntu1~18.04.1 running 'modules:config' at Mon, 26 Oct 2020 17:58:04 +0000. Up 20.83 seconds.
[[0;32m  OK  [0m] Started Apply the settings specified in cloud-config.
         Starting Execute cloud user/final scripts...
ci-info: no authorized SSH keys fingerprints found for user ubuntu.
<14>Oct 26 17:58:05 ec2: 
<14>Oct 26 17:58:05 ec2: #############################################################
<14>Oct 26 17:58:05 ec2: -----BEGIN SSH HOST KEY FINGERPRINTS-----
<14>Oct 26 17:58:05 ec2: 1024 SHA256:cds2SxDZGzQQCiUBLOqozF6KUtc4KgAYr+b5WApTyrQ root@ubuntu-bionic (DSA)
<14>Oct 26 17:58:05 ec2: 256 SHA256:1G0a3i6nVVOMswiX9T+wYIwv65aP5eFUaKylcpuCLzY root@ubuntu-bionic (ECDSA)
<14>Oct 26 17:58:05 ec2: 256 SHA256:BR9HZsK1HGAcKtI699xu/2ier9lnMdnOMGXMMZpNxak root@ubuntu-bionic (ED25519)
<14>Oct 26 17:58:05 ec2: 2048 SHA256:5ynNUPQ2M5vl1q8r13+44+c/PPIFkGmyHLwW5rWv6bE root@ubuntu-bionic (RSA)
<14>Oct 26 17:58:05 ec2: -----END SSH HOST KEY FINGERPRINTS-----
<14>Oct 26 17:58:05 ec2: #############################################################
-----BEGIN SSH HOST KEY KEYS-----
ecdsa-sha2-nistp256 AAAAE2VjZHNhLXNoYTItbmlzdHAyNTYAAAAIbmlzdHAyNTYAAABBBOLYi68GwkM+sDF4WNqZ3pBoqAHa2/kU45f6gjfLcU1JI1PICai6Rn4cpyJpRyFz4T76KK/ELiBs/RElPBrWR9Y= root@ubuntu-bionic
ssh-ed25519 AAAAC3NzaC1lZDI1NTE5AAAAIPOUqE3A8f2JPzvOZEa13bdyX0bGPuXzZqHUEjqw38F/ root@ubuntu-bionic
ssh-rsa AAAAB3NzaC1yc2EAAAADAQABAAABAQC+RMfnydsOe0eUZGqnIdHzu4orMGrCmIA5f0FsTwMs6JHI5CX2N+0DBHOCjwqogl1X9np4IVIvF2mfwYzTZUvwc8BQ7HYP7zOwbCNzTwZqoqEUpz8rDyEryoy3Np1VT99mXfbR4YwtXxIurH2p33d/uThmN3bZ590PcH3BOPh9JxwZk7+1WFd3C2e8au7dil2cBUxS9PAQL/ydIUuS1fE8PCHCPuk2rKSyxRBpl5CxexP69s6HTv8dhEWU0aJL3VJEcubRAK6PQUGH38R3S3aoPGuDVFN6YcWs5CCuVhCxKtip8SA34vjbtCbakOedXuJaW/+lspJAEhBNGXoEwZE/ root@ubuntu-bionic
-----END SSH HOST KEY KEYS-----
[   21.846867] cloud-init[1397]: Cloud-init v. 20.3-2-g371b392c-0ubuntu1~18.04.1 running 'modules:final' at Mon, 26 Oct 2020 17:58:05 +0000. Up 21.66 seconds.
[   21.856371] cloud-init[1397]: ci-info: no authorized SSH keys fingerprints found for user ubuntu.
[   21.860134] cloud-init[1397]: Cloud-init v. 20.3-2-g371b392c-0ubuntu1~18.04.1 finished at Mon, 26 Oct 2020 17:58:05 +0000. Datasource DataSourceNoCloud [seed=/dev/sdb][dsmode=net].  Up 21.83 seconds
[[0;32m  OK  [0m] Started Execute cloud user/final scripts.
[[0;32m  OK  [0m] Reached target Cloud-init target.

Ubuntu 18.04.5 LTS ubuntu-bionic ttyS0

ubuntu-bionic login: 